==============================================================================
Tests
==============================================================================
Tests.Ui
==============================================================================
Tests.Ui.TC UI 04
==============================================================================
TC_UI_04 Transfer Funds :: Verify transfer funds functionality        Created Account: 13788
| PASS |
------------------------------------------------------------------------------
Tests.Ui.TC UI 04                                                     | PASS |
1 test, 1 passed, 0 failed
==============================================================================
Tests.Ui                                                              | PASS |
1 test, 1 passed, 0 failed
==============================================================================
Tests                                                                 | PASS |
1 test, 1 passed, 0 failed
==============================================================================
Output:  C:\Users\GEET SHRIMALI\OneDrive\Desktop\final_sprint\pabot_results\9\output.xml
