2026-06-23 01:33:53.622462 ==============================================================================
2026-06-23 01:33:53.657861 Tests
2026-06-23 01:33:53.657861 ==============================================================================
2026-06-23 01:33:53.657861 Tests.Ui
2026-06-23 01:33:53.657861 ==============================================================================
2026-06-23 01:33:54.044301 Tests.Ui.TC UI 04
2026-06-23 01:33:54.048829 ==============================================================================
2026-06-23 01:33:59.831142 TC_UI_04 Transfer Funds :: Verify transfer funds functionality        Created Account: 13788
2026-06-23 01:34:03.263730 | PASS |
2026-06-23 01:34:03.294103 ------------------------------------------------------------------------------
2026-06-23 01:34:03.294103 Tests.Ui.TC UI 04                                                     | PASS |
2026-06-23 01:34:03.294103 1 test, 1 passed, 0 failed
2026-06-23 01:34:03.294103 ==============================================================================
2026-06-23 01:34:03.294103 Tests.Ui                                                              | PASS |
2026-06-23 01:34:03.294103 1 test, 1 passed, 0 failed
2026-06-23 01:34:03.294103 ==============================================================================
2026-06-23 01:34:03.294103 Tests                                                                 | PASS |
2026-06-23 01:34:03.294103 1 test, 1 passed, 0 failed
2026-06-23 01:34:03.294103 ==============================================================================
2026-06-23 01:34:03.294103 Output:  C:\Users\GEET SHRIMALI\OneDrive\Desktop\final_sprint\pabot_results\9\output.xml
