==============================================================================
Tests
==============================================================================
Tests.Ui
==============================================================================
Tests.Ui.TC UI 6C
==============================================================================
TC_UI_6C Validate Transfer Funds with Insufficient Balance :: Vali... Created Account: 13455
| FAIL |
Page should have contained text 'Transfer Incomplete!' but did not.
------------------------------------------------------------------------------
Tests.Ui.TC UI 6C                                                     | FAIL |
1 test, 0 passed, 1 failed
==============================================================================
Tests.Ui                                                              | FAIL |
1 test, 0 passed, 1 failed
==============================================================================
Tests                                                                 | FAIL |
1 test, 0 passed, 1 failed
==============================================================================
Output:  C:\Users\GEET SHRIMALI\OneDrive\Desktop\final_sprint\pabot_results\13\output.xml
