2026-06-23 01:34:21.199452 ==============================================================================
2026-06-23 01:34:21.254006 Tests
2026-06-23 01:34:21.254006 ==============================================================================
2026-06-23 01:34:21.254006 Tests.Ui
2026-06-23 01:34:21.254006 ==============================================================================
2026-06-23 01:34:21.577400 Tests.Ui.TC UI 6C
2026-06-23 01:34:21.629749 ==============================================================================
2026-06-23 01:34:30.875724 TC_UI_6C Validate Transfer Funds with Insufficient Balance :: Vali... Created Account: 13455
2026-06-23 01:34:35.640748 | FAIL |
2026-06-23 01:34:35.640748 Page should have contained text 'Transfer Incomplete!' but did not.
2026-06-23 01:34:35.640748 ------------------------------------------------------------------------------
2026-06-23 01:34:35.640748 Tests.Ui.TC UI 6C                                                     | FAIL |
2026-06-23 01:34:35.640748 1 test, 0 passed, 1 failed
2026-06-23 01:34:35.640748 ==============================================================================
2026-06-23 01:34:35.640748 Tests.Ui                                                              | FAIL |
2026-06-23 01:34:35.640748 1 test, 0 passed, 1 failed
2026-06-23 01:34:35.640748 ==============================================================================
2026-06-23 01:34:35.640748 Tests                                                                 | FAIL |
2026-06-23 01:34:35.640748 1 test, 0 passed, 1 failed
2026-06-23 01:34:35.640748 ==============================================================================
2026-06-23 01:34:35.640748 Output:  C:\Users\GEET SHRIMALI\OneDrive\Desktop\final_sprint\pabot_results\13\output.xml
