==============================================================================
Tests
==============================================================================
Tests.Ui
==============================================================================
Tests.Ui.TC UI 6B
==============================================================================
TC_UI_06B Validate Negative Amount Transfer :: Validate transfer f... Created Account: 13566
| FAIL |
Page should have contained text 'Transfer Incomplete!' but did not.
------------------------------------------------------------------------------
Tests.Ui.TC UI 6B                                                     | FAIL |
1 test, 0 passed, 1 failed
==============================================================================
Tests.Ui                                                              | FAIL |
1 test, 0 passed, 1 failed
==============================================================================
Tests                                                                 | FAIL |
1 test, 0 passed, 1 failed
==============================================================================
Output:  C:\Users\GEET SHRIMALI\OneDrive\Desktop\final_sprint\pabot_results\12\output.xml
