2026-06-23 01:34:18.639084 ==============================================================================
2026-06-23 01:34:18.686331 Tests
2026-06-23 01:34:18.686331 ==============================================================================
2026-06-23 01:34:18.686331 Tests.Ui
2026-06-23 01:34:18.686331 ==============================================================================
2026-06-23 01:34:19.090090 Tests.Ui.TC UI 6B
2026-06-23 01:34:19.105897 ==============================================================================
2026-06-23 01:34:29.199956 C:\Users\GEET SHRIMALI\OneDrive\Desktop\final_sprint\.venv\Lib\site-packages\urllib3\connectionpool.py:1110: InsecureRequestWarning: Unverified HTTPS request is being made to host 'parabank.parasoft.com'. Adding certificate verification is strongly advised. See: https://urllib3.readthedocs.io/en/latest/advanced-usage.html#tls-warnings
2026-06-23 01:34:29.262939   warnings.warn(
2026-06-23 01:34:31.622767 TC_UI_06B Validate Negative Amount Transfer :: Validate transfer f... Created Account: 13566
2026-06-23 01:34:36.454568 | FAIL |
2026-06-23 01:34:36.502239 Page should have contained text 'Transfer Incomplete!' but did not.
2026-06-23 01:34:36.502239 ------------------------------------------------------------------------------
2026-06-23 01:34:36.502239 Tests.Ui.TC UI 6B                                                     | FAIL |
2026-06-23 01:34:36.502239 1 test, 0 passed, 1 failed
2026-06-23 01:34:36.502239 ==============================================================================
2026-06-23 01:34:36.502239 Tests.Ui                                                              | FAIL |
2026-06-23 01:34:36.502239 1 test, 0 passed, 1 failed
2026-06-23 01:34:36.502239 ==============================================================================
2026-06-23 01:34:36.502239 Tests                                                                 | FAIL |
2026-06-23 01:34:36.502239 1 test, 0 passed, 1 failed
2026-06-23 01:34:36.502239 ==============================================================================
2026-06-23 01:34:36.502239 Output:  C:\Users\GEET SHRIMALI\OneDrive\Desktop\final_sprint\pabot_results\12\output.xml
