2026-06-23 01:34:03.920924 ==============================================================================
2026-06-23 01:34:03.959524 Tests
2026-06-23 01:34:03.959524 ==============================================================================
2026-06-23 01:34:03.959524 Tests.Ui
2026-06-23 01:34:03.960523 ==============================================================================
2026-06-23 01:34:04.268539 Tests.Ui.TC UI 6A
2026-06-23 01:34:04.323487 ==============================================================================
2026-06-23 01:34:14.611959 TC_UI_06A Validate Zero Amount Transfer :: Validate transfer funds... Created Account: 14010
2026-06-23 01:34:20.673083 | FAIL |
2026-06-23 01:34:20.673083 Page should have contained text 'Transfer Incomplete!' but did not.
2026-06-23 01:34:20.673083 ------------------------------------------------------------------------------
2026-06-23 01:34:20.673083 Tests.Ui.TC UI 6A                                                     | FAIL |
2026-06-23 01:34:20.673083 1 test, 0 passed, 1 failed
2026-06-23 01:34:20.673083 ==============================================================================
2026-06-23 01:34:20.673083 Tests.Ui                                                              | FAIL |
2026-06-23 01:34:20.673083 1 test, 0 passed, 1 failed
2026-06-23 01:34:20.673083 ==============================================================================
2026-06-23 01:34:20.673083 Tests                                                                 | FAIL |
2026-06-23 01:34:20.673083 1 test, 0 passed, 1 failed
2026-06-23 01:34:20.673083 ==============================================================================
2026-06-23 01:34:20.673083 Output:  C:\Users\GEET SHRIMALI\OneDrive\Desktop\final_sprint\pabot_results\11\output.xml
