==============================================================================
Tests
==============================================================================
Tests.Ui
==============================================================================
Tests.Ui.TC UI 6A
==============================================================================
TC_UI_06A Validate Zero Amount Transfer :: Validate transfer funds... Created Account: 14010
| FAIL |
Page should have contained text 'Transfer Incomplete!' but did not.
------------------------------------------------------------------------------
Tests.Ui.TC UI 6A                                                     | FAIL |
1 test, 0 passed, 1 failed
==============================================================================
Tests.Ui                                                              | FAIL |
1 test, 0 passed, 1 failed
==============================================================================
Tests                                                                 | FAIL |
1 test, 0 passed, 1 failed
==============================================================================
Output:  C:\Users\GEET SHRIMALI\OneDrive\Desktop\final_sprint\pabot_results\11\output.xml
