==============================================================================
Tests
==============================================================================
Tests.Ui
==============================================================================
Tests.Ui.TC UI 7
==============================================================================
TC_UI_07 Validate Transfer To Same Account :: Validate transfer to... | FAIL |
Page should have contained text 'Transfer Incomplete!' but did not.
------------------------------------------------------------------------------
Tests.Ui.TC UI 7                                                      | FAIL |
1 test, 0 passed, 1 failed
==============================================================================
Tests.Ui                                                              | FAIL |
1 test, 0 passed, 1 failed
==============================================================================
Tests                                                                 | FAIL |
1 test, 0 passed, 1 failed
==============================================================================
Output:  C:\Users\GEET SHRIMALI\OneDrive\Desktop\final_sprint\pabot_results\14\output.xml
