2026-06-23 01:34:36.225405 ==============================================================================
2026-06-23 01:34:36.248196 Tests
2026-06-23 01:34:36.248196 ==============================================================================
2026-06-23 01:34:36.248196 Tests.Ui
2026-06-23 01:34:36.248196 ==============================================================================
2026-06-23 01:34:36.564943 Tests.Ui.TC UI 7
2026-06-23 01:34:36.613084 ==============================================================================
2026-06-23 01:34:48.911570 TC_UI_07 Validate Transfer To Same Account :: Validate transfer to... | FAIL |
2026-06-23 01:34:48.911570 Page should have contained text 'Transfer Incomplete!' but did not.
2026-06-23 01:34:48.911570 ------------------------------------------------------------------------------
2026-06-23 01:34:48.911570 Tests.Ui.TC UI 7                                                      | FAIL |
2026-06-23 01:34:48.911570 1 test, 0 passed, 1 failed
2026-06-23 01:34:48.911570 ==============================================================================
2026-06-23 01:34:48.911570 Tests.Ui                                                              | FAIL |
2026-06-23 01:34:48.911570 1 test, 0 passed, 1 failed
2026-06-23 01:34:48.911570 ==============================================================================
2026-06-23 01:34:48.911570 Tests                                                                 | FAIL |
2026-06-23 01:34:48.911570 1 test, 0 passed, 1 failed
2026-06-23 01:34:48.911570 ==============================================================================
2026-06-23 01:34:48.911570 Output:  C:\Users\GEET SHRIMALI\OneDrive\Desktop\final_sprint\pabot_results\14\output.xml
