2026-06-23 01:33:24.710241 ==============================================================================
2026-06-23 01:33:24.741937 Tests
2026-06-23 01:33:24.741937 ==============================================================================
2026-06-23 01:33:24.741937 Tests.Api
2026-06-23 01:33:24.741937 ==============================================================================
2026-06-23 01:33:25.059031 Tests.Api.TC API 03
2026-06-23 01:33:25.116245 ==============================================================================
2026-06-23 01:33:26.648959 TC_API_03 Validate account details :: Validate account details and... {'id': 13344, 'customerId': 12212, 'type': 'CHECKING', 'balance': -49999995796.07}
2026-06-23 01:33:26.648959 C:\Users\GEET SHRIMALI\OneDrive\Desktop\final_sprint\.venv\Lib\site-packages\urllib3\connectionpool.py:1110: InsecureRequestWarning: Unverified HTTPS request is being made to host 'parabank.parasoft.com'. Adding certificate verification is strongly advised. See: https://urllib3.readthedocs.io/en/latest/advanced-usage.html#tls-warnings
2026-06-23 01:33:26.648959 | PASS |
2026-06-23 01:33:26.648959   warnings.warn(
2026-06-23 01:33:26.648959 ------------------------------------------------------------------------------
2026-06-23 01:33:26.648959 Tests.Api.TC API 03                                                   | PASS |
2026-06-23 01:33:26.648959 1 test, 1 passed, 0 failed
2026-06-23 01:33:26.648959 ==============================================================================
2026-06-23 01:33:26.648959 Tests.Api                                                             | PASS |
2026-06-23 01:33:26.648959 1 test, 1 passed, 0 failed
2026-06-23 01:33:26.648959 ==============================================================================
2026-06-23 01:33:26.648959 Tests                                                                 | PASS |
2026-06-23 01:33:26.648959 1 test, 1 passed, 0 failed
2026-06-23 01:33:26.648959 ==============================================================================
2026-06-23 01:33:26.648959 Output:  C:\Users\GEET SHRIMALI\OneDrive\Desktop\final_sprint\pabot_results\2\output.xml
