==============================================================================
Tests
==============================================================================
Tests.Api
==============================================================================
Tests.Api.TC API 03
==============================================================================
TC_API_03 Validate account details :: Validate account details and... {'id': 13344, 'customerId': 12212, 'type': 'CHECKING', 'balance': -49999995796.07}
| PASS |
------------------------------------------------------------------------------
Tests.Api.TC API 03                                                   | PASS |
1 test, 1 passed, 0 failed
==============================================================================
Tests.Api                                                             | PASS |
1 test, 1 passed, 0 failed
==============================================================================
Tests                                                                 | PASS |
1 test, 1 passed, 0 failed
==============================================================================
Output:  C:\Users\GEET SHRIMALI\OneDrive\Desktop\final_sprint\pabot_results\2\output.xml
