2026-06-23 01:33:22.581716 ==============================================================================
2026-06-23 01:33:22.631176 Tests
2026-06-23 01:33:22.631176 ==============================================================================
2026-06-23 01:33:22.631176 Tests.Api
2026-06-23 01:33:22.631176 ==============================================================================
2026-06-23 01:33:22.995766 Tests.Api.TC API 01
2026-06-23 01:33:23.049484 ==============================================================================
2026-06-23 01:33:24.145502 TC_API_01 Verify Accounts :: Verify accounts API                      [{'id': 13344, 'customerId': 12212, 'type': 'CHECKING', 'balance': -49999995796.07}, {'id': 13455, 'customerId': 12212, 'type': 'SAVINGS', 'balance': -400.0}, {'id': 13566, 'customerId': 12212, 'type': 'SAVINGS', 'balance': 50000001019.0}, {'id': 13788, 'customerId': 12212, 'type': 'CHECKING', 'balance': 200.0}, {'id': 13899, 'customerId': 12212, 'type': 'SAVINGS', 'balance': 0.0}]
2026-06-23 01:33:24.145502 C:\Users\GEET SHRIMALI\OneDrive\Desktop\final_sprint\.venv\Lib\site-packages\urllib3\connectionpool.py:1110: InsecureRequestWarning: Unverified HTTPS request is being made to host 'parabank.parasoft.com'. Adding certificate verification is strongly advised. See: https://urllib3.readthedocs.io/en/latest/advanced-usage.html#tls-warnings
2026-06-23 01:33:24.179354 200
2026-06-23 01:33:24.179354   warnings.warn(
2026-06-23 01:33:24.179354 | PASS |
2026-06-23 01:33:24.179354 ------------------------------------------------------------------------------
2026-06-23 01:33:24.179354 Tests.Api.TC API 01                                                   | PASS |
2026-06-23 01:33:24.179354 1 test, 1 passed, 0 failed
2026-06-23 01:33:24.179354 ==============================================================================
2026-06-23 01:33:24.179354 Tests.Api                                                             | PASS |
2026-06-23 01:33:24.179354 1 test, 1 passed, 0 failed
2026-06-23 01:33:24.179354 ==============================================================================
2026-06-23 01:33:24.179354 Tests                                                                 | PASS |
2026-06-23 01:33:24.179354 1 test, 1 passed, 0 failed
2026-06-23 01:33:24.179354 ==============================================================================
2026-06-23 01:33:24.179354 Output:  C:\Users\GEET SHRIMALI\OneDrive\Desktop\final_sprint\pabot_results\0\output.xml
