2026-06-23 01:33:25.010082 ==============================================================================
2026-06-23 01:33:25.050824 Tests
2026-06-23 01:33:25.050824 ==============================================================================
2026-06-23 01:33:25.050824 Tests.Api
2026-06-23 01:33:25.052046 ==============================================================================
2026-06-23 01:33:25.369325 Tests.Api.TC API 04
2026-06-23 01:33:25.387033 ==============================================================================
2026-06-23 01:33:26.224065 TC_API_04 Invalid Customer ID :: Verify API response for invalid c... Could not find customer #99999
2026-06-23 01:33:26.224065 C:\Users\GEET SHRIMALI\OneDrive\Desktop\final_sprint\.venv\Lib\site-packages\urllib3\connectionpool.py:1110: InsecureRequestWarning: Unverified HTTPS request is being made to host 'parabank.parasoft.com'. Adding certificate verification is strongly advised. See: https://urllib3.readthedocs.io/en/latest/advanced-usage.html#tls-warnings
2026-06-23 01:33:26.275574 400
2026-06-23 01:33:26.275574   warnings.warn(
2026-06-23 01:33:26.275574 | PASS |
2026-06-23 01:33:26.275574 ------------------------------------------------------------------------------
2026-06-23 01:33:26.275574 Tests.Api.TC API 04                                                   | PASS |
2026-06-23 01:33:26.279582 1 test, 1 passed, 0 failed
2026-06-23 01:33:26.279582 ==============================================================================
2026-06-23 01:33:26.279582 Tests.Api                                                             | PASS |
2026-06-23 01:33:26.279582 1 test, 1 passed, 0 failed
2026-06-23 01:33:26.279582 ==============================================================================
2026-06-23 01:33:26.279582 Tests                                                                 | PASS |
2026-06-23 01:33:26.279582 1 test, 1 passed, 0 failed
2026-06-23 01:33:26.279582 ==============================================================================
2026-06-23 01:33:26.279582 Output:  C:\Users\GEET SHRIMALI\OneDrive\Desktop\final_sprint\pabot_results\3\output.xml
