==============================================================================
Tests
==============================================================================
Tests.Api
==============================================================================
Tests.Api.TC API 04
==============================================================================
TC_API_04 Invalid Customer ID :: Verify API response for invalid c... Could not find customer #99999
400
| PASS |
------------------------------------------------------------------------------
Tests.Api.TC API 04                                                   | PASS |
1 test, 1 passed, 0 failed
==============================================================================
Tests.Api                                                             | PASS |
1 test, 1 passed, 0 failed
==============================================================================
Tests                                                                 | PASS |
1 test, 1 passed, 0 failed
==============================================================================
Output:  C:\Users\GEET SHRIMALI\OneDrive\Desktop\final_sprint\pabot_results\3\output.xml
