==============================================================================
Tests
==============================================================================
Tests.Api
==============================================================================
Tests.Api.TC API 05
==============================================================================
TC_API_05 Invalid Account ID :: Verify API response for invalid ac... Could not find account #99999
400
| PASS |
------------------------------------------------------------------------------
Tests.Api.TC API 05                                                   | PASS |
1 test, 1 passed, 0 failed
==============================================================================
Tests.Api                                                             | PASS |
1 test, 1 passed, 0 failed
==============================================================================
Tests                                                                 | PASS |
1 test, 1 passed, 0 failed
==============================================================================
Output:  C:\Users\GEET SHRIMALI\OneDrive\Desktop\final_sprint\pabot_results\4\output.xml
