2026-06-23 01:33:26.822567 ==============================================================================
2026-06-23 01:33:26.854330 Tests
2026-06-23 01:33:26.854330 ==============================================================================
2026-06-23 01:33:26.854330 Tests.Api
2026-06-23 01:33:26.870283 ==============================================================================
2026-06-23 01:33:27.194633 Tests.Api.TC API 05
2026-06-23 01:33:27.230452 ==============================================================================
2026-06-23 01:33:28.076696 TC_API_05 Invalid Account ID :: Verify API response for invalid ac... Could not find account #99999
2026-06-23 01:33:28.076696 C:\Users\GEET SHRIMALI\OneDrive\Desktop\final_sprint\.venv\Lib\site-packages\urllib3\connectionpool.py:1110: InsecureRequestWarning: Unverified HTTPS request is being made to host 'parabank.parasoft.com'. Adding certificate verification is strongly advised. See: https://urllib3.readthedocs.io/en/latest/advanced-usage.html#tls-warnings
2026-06-23 01:33:28.133157 400
2026-06-23 01:33:28.133157   warnings.warn(
2026-06-23 01:33:28.133157 | PASS |
2026-06-23 01:33:28.133157 ------------------------------------------------------------------------------
2026-06-23 01:33:28.133157 Tests.Api.TC API 05                                                   | PASS |
2026-06-23 01:33:28.133157 1 test, 1 passed, 0 failed
2026-06-23 01:33:28.133157 ==============================================================================
2026-06-23 01:33:28.133157 Tests.Api                                                             | PASS |
2026-06-23 01:33:28.133157 1 test, 1 passed, 0 failed
2026-06-23 01:33:28.133157 ==============================================================================
2026-06-23 01:33:28.133157 Tests                                                                 | PASS |
2026-06-23 01:33:28.137274 1 test, 1 passed, 0 failed
2026-06-23 01:33:28.137274 ==============================================================================
2026-06-23 01:33:28.137274 Output:  C:\Users\GEET SHRIMALI\OneDrive\Desktop\final_sprint\pabot_results\4\output.xml
