==============================================================================
Tests
==============================================================================
Tests.Api
==============================================================================
Tests.Api.TC API 02
==============================================================================
TC_API_02 verify account exists :: Verify Account Exists in API Re... [{'id': 13344, 'customerId': 12212, 'type': 'CHECKING', 'balance': -49999995796.07}, {'id': 13455, 'customerId': 12212, 'type': 'SAVINGS', 'balance': -400.0}, {'id': 13566, 'customerId': 12212, 'type': 'SAVINGS', 'balance': 50000001019.0}, {'id': 13788, 'customerId': 12212, 'type': 'CHECKING', 'balance': 200.0}, {'id': 13899, 'customerId': 12212, 'type': 'SAVINGS', 'balance': 0.0}]
200
| PASS |
------------------------------------------------------------------------------
Tests.Api.TC API 02                                                   | PASS |
1 test, 1 passed, 0 failed
==============================================================================
Tests.Api                                                             | PASS |
1 test, 1 passed, 0 failed
==============================================================================
Tests                                                                 | PASS |
1 test, 1 passed, 0 failed
==============================================================================
Output:  C:\Users\GEET SHRIMALI\OneDrive\Desktop\final_sprint\pabot_results\1\output.xml
