2026-06-23 01:33:27.242454 ==============================================================================
2026-06-23 01:33:27.274397 Tests
2026-06-23 01:33:27.274397 ==============================================================================
2026-06-23 01:33:27.274397 Tests.E2E
2026-06-23 01:33:27.274397 ==============================================================================
2026-06-23 01:33:27.594765 Tests.E2E.TC E2E 03
2026-06-23 01:33:27.608458 ==============================================================================
2026-06-23 01:33:37.467146 TC_E2E_03 Transfer Funds And Validate Via API                         Created Account: 14121
2026-06-23 01:33:38.744944 C:\Users\GEET SHRIMALI\OneDrive\Desktop\final_sprint\.venv\Lib\site-packages\urllib3\connectionpool.py:1110: InsecureRequestWarning: Unverified HTTPS request is being made to host 'parabank.parasoft.com'. Adding certificate verification is strongly advised. See: https://urllib3.readthedocs.io/en/latest/advanced-usage.html#tls-warnings
2026-06-23 01:33:38.797897   warnings.warn(
2026-06-23 01:33:39.297179 C:\Users\GEET SHRIMALI\OneDrive\Desktop\final_sprint\.venv\Lib\site-packages\urllib3\connectionpool.py:1110: InsecureRequestWarning: Unverified HTTPS request is being made to host 'parabank.parasoft.com'. Adding certificate verification is strongly advised. See: https://urllib3.readthedocs.io/en/latest/advanced-usage.html#tls-warnings
2026-06-23 01:33:39.359415   warnings.warn(
2026-06-23 01:33:41.169509 C:\Users\GEET SHRIMALI\OneDrive\Desktop\final_sprint\.venv\Lib\site-packages\urllib3\connectionpool.py:1110: InsecureRequestWarning: Unverified HTTPS request is being made to host 'parabank.parasoft.com'. Adding certificate verification is strongly advised. See: https://urllib3.readthedocs.io/en/latest/advanced-usage.html#tls-warnings
2026-06-23 01:33:41.248509   warnings.warn(
2026-06-23 01:33:41.624471 C:\Users\GEET SHRIMALI\OneDrive\Desktop\final_sprint\.venv\Lib\site-packages\urllib3\connectionpool.py:1110: InsecureRequestWarning: Unverified HTTPS request is being made to host 'parabank.parasoft.com'. Adding certificate verification is strongly advised. See: https://urllib3.readthedocs.io/en/latest/advanced-usage.html#tls-warnings
2026-06-23 01:33:41.689925   warnings.warn(
2026-06-23 01:33:43.083591 C:\Users\GEET SHRIMALI\OneDrive\Desktop\final_sprint\.venv\Lib\site-packages\urllib3\connectionpool.py:1110: InsecureRequestWarning: Unverified HTTPS request is being made to host 'parabank.parasoft.com'. Adding certificate verification is strongly advised. See: https://urllib3.readthedocs.io/en/latest/advanced-usage.html#tls-warnings
2026-06-23 01:33:43.166535   warnings.warn(
2026-06-23 01:33:44.280578 C:\Users\GEET SHRIMALI\OneDrive\Desktop\final_sprint\.venv\Lib\site-packages\urllib3\connectionpool.py:1110: InsecureRequestWarning: Unverified HTTPS request is being made to host 'parabank.parasoft.com'. Adding certificate verification is strongly advised. See: https://urllib3.readthedocs.io/en/latest/advanced-usage.html#tls-warnings
2026-06-23 01:33:44.353666   warnings.warn(
2026-06-23 01:33:47.106561 | PASS |
2026-06-23 01:33:47.154222 ------------------------------------------------------------------------------
2026-06-23 01:33:47.154222 Tests.E2E.TC E2E 03                                                   | PASS |
2026-06-23 01:33:47.156228 1 test, 1 passed, 0 failed
2026-06-23 01:33:47.156228 ==============================================================================
2026-06-23 01:33:47.156228 Tests.E2E                                                             | PASS |
2026-06-23 01:33:47.156228 1 test, 1 passed, 0 failed
2026-06-23 01:33:47.156228 ==============================================================================
2026-06-23 01:33:47.156228 Tests                                                                 | PASS |
2026-06-23 01:33:47.156228 1 test, 1 passed, 0 failed
2026-06-23 01:33:47.156228 ==============================================================================
2026-06-23 01:33:47.156228 Output:  C:\Users\GEET SHRIMALI\OneDrive\Desktop\final_sprint\pabot_results\5\output.xml
