==============================================================================
Tests
==============================================================================
Tests.Ui
==============================================================================
Tests.Ui.TC UI 01
==============================================================================
TC_UI_01 Create Savings Account :: Create Savings Account             Created Account: 14010
| PASS |
------------------------------------------------------------------------------
Tests.Ui.TC UI 01                                                     | PASS |
1 test, 1 passed, 0 failed
==============================================================================
Tests.Ui                                                              | PASS |
1 test, 1 passed, 0 failed
==============================================================================
Tests                                                                 | PASS |
1 test, 1 passed, 0 failed
==============================================================================
Output:  C:\Users\GEET SHRIMALI\OneDrive\Desktop\final_sprint\pabot_results\6\output.xml
