2026-06-23 01:33:28.831529 ==============================================================================
2026-06-23 01:33:28.875449 Tests
2026-06-23 01:33:28.875449 ==============================================================================
2026-06-23 01:33:28.875449 Tests.Ui
2026-06-23 01:33:28.877449 ==============================================================================
2026-06-23 01:33:29.225367 Tests.Ui.TC UI 01
2026-06-23 01:33:29.256112 ==============================================================================
2026-06-23 01:33:36.076890 TC_UI_01 Create Savings Account :: Create Savings Account             Created Account: 14010
2026-06-23 01:33:38.519532 | PASS |
2026-06-23 01:33:38.567028 ------------------------------------------------------------------------------
2026-06-23 01:33:38.567028 Tests.Ui.TC UI 01                                                     | PASS |
2026-06-23 01:33:38.569032 1 test, 1 passed, 0 failed
2026-06-23 01:33:38.569032 ==============================================================================
2026-06-23 01:33:38.569032 Tests.Ui                                                              | PASS |
2026-06-23 01:33:38.569032 1 test, 1 passed, 0 failed
2026-06-23 01:33:38.569032 ==============================================================================
2026-06-23 01:33:38.569032 Tests                                                                 | PASS |
2026-06-23 01:33:38.569032 1 test, 1 passed, 0 failed
2026-06-23 01:33:38.569032 ==============================================================================
2026-06-23 01:33:38.569032 Output:  C:\Users\GEET SHRIMALI\OneDrive\Desktop\final_sprint\pabot_results\6\output.xml
