2026-06-23 01:33:47.786126 ==============================================================================
2026-06-23 01:33:47.795230 Tests
2026-06-23 01:33:47.795230 ==============================================================================
2026-06-23 01:33:47.795230 Tests.Ui
2026-06-23 01:33:47.796208 ==============================================================================
2026-06-23 01:33:48.115264 Tests.Ui.TC UI 03
2026-06-23 01:33:48.161753 ==============================================================================
2026-06-23 01:33:57.753089 TC_UI_03 Validate negative account creation :: Validate Account Cr... Created Account: 13566
2026-06-23 01:34:01.220159 | PASS |
2026-06-23 01:34:01.251795 ------------------------------------------------------------------------------
2026-06-23 01:34:01.251795 Tests.Ui.TC UI 03                                                     | PASS |
2026-06-23 01:34:01.251795 1 test, 1 passed, 0 failed
2026-06-23 01:34:01.251795 ==============================================================================
2026-06-23 01:34:01.251795 Tests.Ui                                                              | PASS |
2026-06-23 01:34:01.251795 1 test, 1 passed, 0 failed
2026-06-23 01:34:01.251795 ==============================================================================
2026-06-23 01:34:01.251795 Tests                                                                 | PASS |
2026-06-23 01:34:01.251795 1 test, 1 passed, 0 failed
2026-06-23 01:34:01.251795 ==============================================================================
2026-06-23 01:34:01.251795 Output:  C:\Users\GEET SHRIMALI\OneDrive\Desktop\final_sprint\pabot_results\8\output.xml
