==============================================================================
Tests
==============================================================================
Tests.Ui
==============================================================================
Tests.Ui.TC UI 03
==============================================================================
TC_UI_03 Validate negative account creation :: Validate Account Cr... Created Account: 13566
| PASS |
------------------------------------------------------------------------------
Tests.Ui.TC UI 03                                                     | PASS |
1 test, 1 passed, 0 failed
==============================================================================
Tests.Ui                                                              | PASS |
1 test, 1 passed, 0 failed
==============================================================================
Tests                                                                 | PASS |
1 test, 1 passed, 0 failed
==============================================================================
Output:  C:\Users\GEET SHRIMALI\OneDrive\Desktop\final_sprint\pabot_results\8\output.xml
