2026-06-23 01:34:01.897521 ==============================================================================
2026-06-23 01:34:01.937472 Tests
2026-06-23 01:34:01.937472 ==============================================================================
2026-06-23 01:34:01.937472 Tests.Ui
2026-06-23 01:34:01.937472 ==============================================================================
2026-06-23 01:34:02.324941 Tests.Ui.TC UI 05
2026-06-23 01:34:02.327943 ==============================================================================
2026-06-23 01:34:11.957018 TC_UI_05 Validate Transfer Funds :: Validate transfer details         Created Account: 13899
2026-06-23 01:34:17.957390 | PASS |
2026-06-23 01:34:17.963456 ------------------------------------------------------------------------------
2026-06-23 01:34:17.963456 Tests.Ui.TC UI 05                                                     | PASS |
2026-06-23 01:34:17.963456 1 test, 1 passed, 0 failed
2026-06-23 01:34:17.963456 ==============================================================================
2026-06-23 01:34:17.963456 Tests.Ui                                                              | PASS |
2026-06-23 01:34:17.963456 1 test, 1 passed, 0 failed
2026-06-23 01:34:17.963456 ==============================================================================
2026-06-23 01:34:17.963456 Tests                                                                 | PASS |
2026-06-23 01:34:17.963456 1 test, 1 passed, 0 failed
2026-06-23 01:34:17.963456 ==============================================================================
2026-06-23 01:34:17.963456 Output:  C:\Users\GEET SHRIMALI\OneDrive\Desktop\final_sprint\pabot_results\10\output.xml
