==============================================================================
Tests
==============================================================================
Tests.Ui
==============================================================================
Tests.Ui.TC UI 05
==============================================================================
TC_UI_05 Validate Transfer Funds :: Validate transfer details         Created Account: 13899
| PASS |
------------------------------------------------------------------------------
Tests.Ui.TC UI 05                                                     | PASS |
1 test, 1 passed, 0 failed
==============================================================================
Tests.Ui                                                              | PASS |
1 test, 1 passed, 0 failed
==============================================================================
Tests                                                                 | PASS |
1 test, 1 passed, 0 failed
==============================================================================
Output:  C:\Users\GEET SHRIMALI\OneDrive\Desktop\final_sprint\pabot_results\10\output.xml
