==============================================================================
Tests
==============================================================================
Tests.Ui
==============================================================================
Tests.Ui.TC UI 02
==============================================================================
TC_UI_02 Create Checking Account :: Create savings account            Created Account: 13455
| PASS |
------------------------------------------------------------------------------
Tests.Ui.TC UI 02                                                     | PASS |
1 test, 1 passed, 0 failed
==============================================================================
Tests.Ui                                                              | PASS |
1 test, 1 passed, 0 failed
==============================================================================
Tests                                                                 | PASS |
1 test, 1 passed, 0 failed
==============================================================================
Output:  C:\Users\GEET SHRIMALI\OneDrive\Desktop\final_sprint\pabot_results\7\output.xml
