2026-06-23 01:33:39.146391 ==============================================================================
2026-06-23 01:33:39.170222 Tests
2026-06-23 01:33:39.170222 ==============================================================================
2026-06-23 01:33:39.170222 Tests.Ui
2026-06-23 01:33:39.172228 ==============================================================================
2026-06-23 01:33:39.544879 Tests.Ui.TC UI 02
2026-06-23 01:33:39.561230 ==============================================================================
2026-06-23 01:33:47.488355 C:\Users\GEET SHRIMALI\OneDrive\Desktop\final_sprint\.venv\Lib\site-packages\urllib3\connectionpool.py:1110: InsecureRequestWarning: Unverified HTTPS request is being made to host 'parabank.parasoft.com'. Adding certificate verification is strongly advised. See: https://urllib3.readthedocs.io/en/latest/advanced-usage.html#tls-warnings
2026-06-23 01:33:47.551614   warnings.warn(
2026-06-23 01:33:50.505326 TC_UI_02 Create Checking Account :: Create savings account            Created Account: 13455
2026-06-23 01:33:52.829262 | PASS |
2026-06-23 01:33:52.883592 ------------------------------------------------------------------------------
2026-06-23 01:33:52.883592 Tests.Ui.TC UI 02                                                     | PASS |
2026-06-23 01:33:52.888268 1 test, 1 passed, 0 failed
2026-06-23 01:33:52.888268 ==============================================================================
2026-06-23 01:33:52.888268 Tests.Ui                                                              | PASS |
2026-06-23 01:33:52.888268 1 test, 1 passed, 0 failed
2026-06-23 01:33:52.888268 ==============================================================================
2026-06-23 01:33:52.888268 Tests                                                                 | PASS |
2026-06-23 01:33:52.888268 1 test, 1 passed, 0 failed
2026-06-23 01:33:52.888268 ==============================================================================
2026-06-23 01:33:52.888268 Output:  C:\Users\GEET SHRIMALI\OneDrive\Desktop\final_sprint\pabot_results\7\output.xml
